<?xml version="1.0" encoding="UTF-8"?>
<!-- Generated by org.testng.reporters.JUnitReportReporter -->
<testsuite hostname="ALIPL5119" name="com.testng.Basic" tests="3" failures="0" timestamp="9 May 2019 15:58:40 GMT" time="0.014" errors="0">
  <testcase name="M12" time="0.002" classname="com.testng.Basic"/>
  <testcase name="M10" time="0.009" classname="com.testng.Basic"/>
  <testcase name="M11" time="0.003" classname="com.testng.Basic"/>
</testsuite> <!-- com.testng.Basic -->
