<?xml version="1.0" encoding="UTF-8"?>
<!-- Generated by org.testng.reporters.JUnitReportReporter -->
<testsuite hostname="ALIPL5119" name="com.testng.WebdriverTestNG" tests="2" failures="0" timestamp="9 May 2019 15:58:40 GMT" time="3.887" errors="0">
  <testcase name="login" time="3.793" classname="com.testng.WebdriverTestNG"/>
  <testcase name="logout" time="0.094" classname="com.testng.WebdriverTestNG"/>
</testsuite> <!-- com.testng.WebdriverTestNG -->
