<?xml version="1.0" encoding="UTF-8"?>
<!-- Generated by org.testng.reporters.JUnitReportReporter -->
<testsuite hostname="ALIPL5119" name="com.testng.DataProvidersss" tests="2" failures="0" timestamp="13 May 2019 16:04:27 GMT" time="25.437" errors="0">
  <testcase name="login" time="12.393" classname="com.testng.DataProvidersss"/>
  <testcase name="login" time="13.044" classname="com.testng.DataProvidersss"/>
</testsuite> <!-- com.testng.DataProvidersss -->
