<?xml version="1.0" encoding="UTF-8"?>
<!-- Generated by org.testng.reporters.JUnitReportReporter -->
<testsuite hostname="ALIPL5119" name="com.testng.Parameterization" tests="1" failures="0" timestamp="13 May 2019 15:58:32 GMT" time="17.633" errors="0">
  <testcase name="login" time="17.633" classname="com.testng.Parameterization"/>
</testsuite> <!-- com.testng.Parameterization -->
