<?xml version="1.0" encoding="UTF-8"?>
<!-- Generated by org.testng.reporters.JUnitReportReporter -->
<testsuite hostname="ALIPL5119" name="com.testng.Skip" tests="7" failures="0" timestamp="9 May 2019 16:16:48 GMT" time="0.032" errors="0">
  <testcase name="asd" time="0.002" classname="com.testng.Skip"/>
  <testcase name="asd" time="0.014" classname="com.testng.Skip"/>
  <testcase name="asd" time="0.002" classname="com.testng.Skip"/>
  <testcase name="test" time="0.003" classname="com.testng.Skip"/>
  <testcase name="asd" time="0.002" classname="com.testng.Skip"/>
  <testcase name="asd" time="0.002" classname="com.testng.Skip"/>
  <testcase name="jku" time="0.007" classname="com.testng.Skip"/>
</testsuite> <!-- com.testng.Skip -->
