<?xml version="1.0" encoding="UTF-8"?>
<!-- Generated by org.testng.reporters.JUnitReportReporter -->
<testsuite hostname="ALIPL5119" name="com.testng.MultiBrowser" tests="2" failures="0" timestamp="15 May 2019 15:27:45 GMT" time="5.133" errors="0">
  <testcase name="login" time="2.305" classname="com.testng.MultiBrowser"/>
  <testcase name="login" time="2.828" classname="com.testng.MultiBrowser"/>
</testsuite> <!-- com.testng.MultiBrowser -->
