<?xml version="1.0" encoding="UTF-8"?>
<!-- Generated by org.testng.reporters.JUnitReportReporter -->
<testsuite hostname="ALIPL5119" name="com.testng.DataProviderExcel" tests="3" failures="0" timestamp="15 May 2019 11:36:06 GMT" time="0.012" errors="0">
  <testcase name="login" time="0.002" classname="com.testng.DataProviderExcel"/>
  <testcase name="login" time="0.008" classname="com.testng.DataProviderExcel"/>
  <testcase name="login" time="0.002" classname="com.testng.DataProviderExcel"/>
</testsuite> <!-- com.testng.DataProviderExcel -->
