<?xml version="1.0" encoding="UTF-8"?>
<!-- Generated by org.testng.reporters.JUnitReportReporter -->
<testsuite hostname="ALIPL5119" name="com.testng.PriorityClass" tests="4" failures="0" timestamp="9 May 2019 16:11:03 GMT" time="0.019" errors="0">
  <testcase name="jku" time="0.002" classname="com.testng.PriorityClass"/>
  <testcase name="asd" time="0.014" classname="com.testng.PriorityClass"/>
  <testcase name="het" time="0.001" classname="com.testng.PriorityClass"/>
  <testcase name="test" time="0.002" classname="com.testng.PriorityClass"/>
</testsuite> <!-- com.testng.PriorityClass -->
